<?xml version="1.0" encoding="UTF-8"?>
<testsuite xmlns:xsi="http://www.w3.org/2001/XMLSchema-instance" xsi:noNamespaceSchemaLocation="https://maven.apache.org/surefire/maven-surefire-plugin/xsd/surefire-test-report-3.0.xsd" version="3.0" name="MainTest" time="0.109" tests="31" errors="0" skipped="0" failures="0">
  <properties>
[...]
</properties>
  <testcase name="argument_o_is_missing" classname="MainTest" time="0.031"/>
  <testcase name="argument_text_is_in_chinese" classname="MainTest" time="0"/>
  <testcase name="valid_params_for_decode" classname="MainTest" time="0"/>
  <testcase name="valid_params_for_encode" classname="MainTest" time="0"/>
  <testcase name="argument_int_is_less_than_0" classname="MainTest" time="0"/>
  <testcase name="random_valid_params_for_encode1" classname="MainTest" time="0"/>
  <testcase name="random_valid_params_for_encode2" classname="MainTest" time="0"/>
  <testcase name="random_valid_params_for_encode3" classname="MainTest" time="0"/>
  <testcase name="random_valid_params_for_encode4" classname="MainTest" time="0"/>
  <testcase name="random_valid_params_for_encode5" classname="MainTest" time="0"/>
  <testcase name="random_valid_params_for_encode6" classname="MainTest" time="0"/>
  <testcase name="random_valid_params_for_encode7" classname="MainTest" time="0"/>
  <testcase name="random_valid_params_for_encode8" classname="MainTest" time="0"/>
  <testcase name="random_valid_params_for_encode9" classname="MainTest" time="0"/>
  <testcase name="argument_int_is_missing" classname="MainTest" time="0"/>
  <testcase name="argument_text_is_in_russian" classname="MainTest" time="0"/>
  <testcase name="more_than_4_arguments" classname="MainTest" time="0"/>
  <testcase name="arguments_e_or_d_are_missing" classname="MainTest" time="0"/>
  <testcase name="argument_text_is_with_symbols" classname="MainTest" time="0"/>
  <testcase name="argument_int_is_more_than_26" classname="MainTest" time="0.016"/>
  <testcase name="less_than_4_arguments" classname="MainTest" time="0"/>
  <testcase name="argument_text_is_empty" classname="MainTest" time="0"/>
  <testcase name="random_valid_params_for_decode1" classname="MainTest" time="0"/>
  <testcase name="random_valid_params_for_decode2" classname="MainTest" time="0"/>
  <testcase name="random_valid_params_for_decode3" classname="MainTest" time="0"/>
  <testcase name="random_valid_params_for_decode4" classname="MainTest" time="0"/>
  <testcase name="random_valid_params_for_decode5" classname="MainTest" time="0"/>
  <testcase name="random_valid_params_for_decode6" classname="MainTest" time="0"/>
  <testcase name="random_valid_params_for_decode7" classname="MainTest" time="0"/>
  <testcase name="random_valid_params_for_decode8" classname="MainTest" time="0"/>
  <testcase name="random_valid_params_for_decode9" classname="MainTest" time="0"/>
</testsuite>